2025-10-20 16:21:52 0 [Note] Starting MariaDB 10.4.32-MariaDB source revision c4143f909528e3fab0677a28631d10389354c491 as process 8864
2025-10-20 16:21:52 0 [Note] InnoDB: Mutexes and rw_locks use Windows interlocked functions
2025-10-20 16:21:52 0 [Note] InnoDB: Uses event mutexes
2025-10-20 16:21:52 0 [Note] InnoDB: Compressed tables use zlib 1.3
2025-10-20 16:21:52 0 [Note] InnoDB: Number of pools: 1
2025-10-20 16:21:52 0 [Note] InnoDB: Using SSE2 crc32 instructions
2025-10-20 16:21:52 0 [Note] InnoDB: Initializing buffer pool, total size = 16M, instances = 1, chunk size = 16M
2025-10-20 16:21:52 0 [Note] InnoDB: Completed initialization of buffer pool
2025-10-20 16:21:52 0 [Note] InnoDB: Starting crash recovery from checkpoint LSN=300288
2025-10-20 16:21:53 0 [Note] InnoDB: 128 out of 128 rollback segments are active.
2025-10-20 16:21:53 0 [Note] InnoDB: Removed temporary tablespace data file: "ibtmp1"
2025-10-20 16:21:53 0 [Note] InnoDB: Creating shared tablespace for temporary tables
2025-10-20 16:21:53 0 [Note] InnoDB: Setting file 'D:\bitap\IBPE\code\XAMPP\mysql\data\ibtmp1' size to 12 MB. Physically writing the file full; Please wait ...
2025-10-20 16:21:53 0 [Note] InnoDB: File 'D:\bitap\IBPE\code\XAMPP\mysql\data\ibtmp1' size is now 12 MB.
2025-10-20 16:21:53 0 [Note] InnoDB: Waiting for purge to start
2025-10-20 16:21:53 0 [Note] InnoDB: 10.4.32 started; log sequence number 300297; transaction id 170
2025-10-20 16:21:53 0 [Note] InnoDB: Loading buffer pool(s) from D:\bitap\IBPE\code\XAMPP\mysql\data\ib_buffer_pool
2025-10-20 16:21:53 0 [Note] Plugin 'FEEDBACK' is disabled.
2025-10-20 16:21:54 0 [Note] Server socket created on IP: '::'.
2025-10-20 22:45:01 0 [Note] Starting MariaDB 10.4.32-MariaDB source revision c4143f909528e3fab0677a28631d10389354c491 as process 20504
2025-10-20 22:45:01 0 [Note] InnoDB: Mutexes and rw_locks use Windows interlocked functions
2025-10-20 22:45:01 0 [Note] InnoDB: Uses event mutexes
2025-10-20 22:45:01 0 [Note] InnoDB: Compressed tables use zlib 1.3
2025-10-20 22:45:01 0 [Note] InnoDB: Number of pools: 1
2025-10-20 22:45:01 0 [Note] InnoDB: Using SSE2 crc32 instructions
2025-10-20 22:45:01 0 [Note] InnoDB: Initializing buffer pool, total size = 16M, instances = 1, chunk size = 16M
2025-10-20 22:45:01 0 [Note] InnoDB: Completed initialization of buffer pool
2025-10-20 22:45:01 0 [Note] InnoDB: Starting crash recovery from checkpoint LSN=308841
2025-10-20 22:45:02 0 [Note] InnoDB: 128 out of 128 rollback segments are active.
2025-10-20 22:45:02 0 [Note] InnoDB: Removed temporary tablespace data file: "ibtmp1"
2025-10-20 22:45:02 0 [Note] InnoDB: Creating shared tablespace for temporary tables
2025-10-20 22:45:02 0 [Note] InnoDB: Setting file 'D:\bitap\IBPE\code\XAMPP\mysql\data\ibtmp1' size to 12 MB. Physically writing the file full; Please wait ...
2025-10-20 22:45:02 0 [Note] InnoDB: File 'D:\bitap\IBPE\code\XAMPP\mysql\data\ibtmp1' size is now 12 MB.
2025-10-20 22:45:02 0 [Note] InnoDB: Waiting for purge to start
2025-10-20 22:45:02 0 [Note] InnoDB: 10.4.32 started; log sequence number 308850; transaction id 201
2025-10-20 22:45:02 0 [Note] InnoDB: Loading buffer pool(s) from D:\bitap\IBPE\code\XAMPP\mysql\data\ib_buffer_pool
2025-10-20 22:45:02 0 [Note] Plugin 'FEEDBACK' is disabled.
2025-10-20 22:45:03 0 [Note] Server socket created on IP: '::'.
2025-10-20 22:45:38 0 [Note] Starting MariaDB 10.4.32-MariaDB source revision c4143f909528e3fab0677a28631d10389354c491 as process 5740
2025-10-20 22:45:38 0 [Note] InnoDB: Mutexes and rw_locks use Windows interlocked functions
2025-10-20 22:45:38 0 [Note] InnoDB: Uses event mutexes
2025-10-20 22:45:38 0 [Note] InnoDB: Compressed tables use zlib 1.3
2025-10-20 22:45:38 0 [Note] InnoDB: Number of pools: 1
2025-10-20 22:45:38 0 [Note] InnoDB: Using SSE2 crc32 instructions
2025-10-20 22:45:38 0 [Note] InnoDB: Initializing buffer pool, total size = 16M, instances = 1, chunk size = 16M
2025-10-20 22:45:38 0 [Note] InnoDB: Completed initialization of buffer pool
2025-10-20 22:45:38 0 [Note] InnoDB: Starting crash recovery from checkpoint LSN=308859
2025-10-20 22:45:38 0 [Note] InnoDB: 128 out of 128 rollback segments are active.
2025-10-20 22:45:38 0 [Note] InnoDB: Removed temporary tablespace data file: "ibtmp1"
2025-10-20 22:45:38 0 [Note] InnoDB: Creating shared tablespace for temporary tables
2025-10-20 22:45:38 0 [Note] InnoDB: Setting file 'D:\bitap\IBPE\code\XAMPP\mysql\data\ibtmp1' size to 12 MB. Physically writing the file full; Please wait ...
2025-10-20 22:45:38 0 [Note] InnoDB: File 'D:\bitap\IBPE\code\XAMPP\mysql\data\ibtmp1' size is now 12 MB.
2025-10-20 22:45:38 0 [Note] InnoDB: Waiting for purge to start
2025-10-20 22:45:38 0 [Note] InnoDB: 10.4.32 started; log sequence number 308868; transaction id 201
2025-10-20 22:45:38 0 [Note] InnoDB: Loading buffer pool(s) from D:\bitap\IBPE\code\XAMPP\mysql\data\ib_buffer_pool
2025-10-20 22:45:38 0 [Note] Plugin 'FEEDBACK' is disabled.
2025-10-20 22:45:38 0 [Note] Server socket created on IP: '::'.
2025-10-20 22:46:15 0 [Note] Starting MariaDB 10.4.32-MariaDB source revision c4143f909528e3fab0677a28631d10389354c491 as process 8760
2025-10-20 22:46:15 0 [Note] InnoDB: Mutexes and rw_locks use Windows interlocked functions
2025-10-20 22:46:15 0 [Note] InnoDB: Uses event mutexes
2025-10-20 22:46:15 0 [Note] InnoDB: Compressed tables use zlib 1.3
2025-10-20 22:46:15 0 [Note] InnoDB: Number of pools: 1
2025-10-20 22:46:15 0 [Note] InnoDB: Using SSE2 crc32 instructions
2025-10-20 22:46:15 0 [Note] InnoDB: Initializing buffer pool, total size = 16M, instances = 1, chunk size = 16M
2025-10-20 22:46:15 0 [Note] InnoDB: Completed initialization of buffer pool
2025-10-20 22:46:15 0 [Note] InnoDB: Starting crash recovery from checkpoint LSN=308877
2025-10-20 22:46:15 0 [Note] InnoDB: 128 out of 128 rollback segments are active.
2025-10-20 22:46:15 0 [Note] InnoDB: Removed temporary tablespace data file: "ibtmp1"
2025-10-20 22:46:15 0 [Note] InnoDB: Creating shared tablespace for temporary tables
2025-10-20 22:46:15 0 [Note] InnoDB: Setting file 'D:\bitap\IBPE\code\XAMPP\mysql\data\ibtmp1' size to 12 MB. Physically writing the file full; Please wait ...
2025-10-20 22:46:15 0 [Note] InnoDB: File 'D:\bitap\IBPE\code\XAMPP\mysql\data\ibtmp1' size is now 12 MB.
2025-10-20 22:46:15 0 [Note] InnoDB: Waiting for purge to start
2025-10-20 22:46:15 0 [Note] InnoDB: 10.4.32 started; log sequence number 308886; transaction id 201
2025-10-20 22:46:15 0 [Note] InnoDB: Loading buffer pool(s) from D:\bitap\IBPE\code\XAMPP\mysql\data\ib_buffer_pool
2025-10-20 22:46:15 0 [Note] Plugin 'FEEDBACK' is disabled.
2025-10-20 22:46:15 0 [Note] Server socket created on IP: '::'.
22025-10-20 23:21:42 0 [Note] Starting MariaDB 10.4.32-MariaDB source revision c4143f909528e3fab0677a28631d10389354c491 as process 11284
2025-10-20 23:21:42 0 [Note] InnoDB: Mutexes and rw_locks use Windows interlocked functions
2025-10-20 23:21:42 0 [Note] InnoDB: Uses event mutexes
2025-10-20 23:21:42 0 [Note] InnoDB: Compressed tables use zlib 1.3
2025-10-20 23:21:42 0 [Note] InnoDB: Number of pools: 1
2025-10-20 23:21:42 0 [Note] InnoDB: Using SSE2 crc32 instructions
2025-10-20 23:21:42 0 [Note] InnoDB: Initializing buffer pool, total size = 16M, instances = 1, chunk size = 16M
2025-10-20 23:21:42 0 [Note] InnoDB: Completed initialization of buffer pool
2025-10-20 23:21:42 0 [Note] InnoDB: Starting crash recovery from checkpoint LSN=309332
2025-10-20 23:21:44 0 [Note] InnoDB: 128 out of 128 rollback segments are active.
2025-10-20 23:21:44 0 [Note] InnoDB: Removed temporary tablespace data file: "ibtmp1"
2025-10-20 23:21:44 0 [Note] InnoDB: Creating shared tablespace for temporary tables
2025-10-20 23:21:44 0 [Note] InnoDB: Setting file 'D:\bitap\IBPE\code\XAMPP\mysql\data\ibtmp1' size to 12 MB. Physically writing the file full; Please wait ...
2025-10-20 23:21:44 0 [Note] InnoDB: File 'D:\bitap\IBPE\code\XAMPP\mysql\data\ibtmp1' size is now 12 MB.
2025-10-20 23:21:44 0 [Note] InnoDB: Waiting for purge to start
2025-10-20 23:21:44 0 [Note] InnoDB: 10.4.32 started; log sequence number 309341; transaction id 206
2025-10-20 23:21:44 0 [Note] InnoDB: Loading buffer pool(s) from D:\bitap\IBPE\code\XAMPP\mysql\data\ib_buffer_pool
2025-10-20 23:21:44 0 [Note] Plugin 'FEEDBACK' is disabled.
2025-10-20 23:21:44 0 [Note] Server socket created on IP: '::'.
2025-10-20 23:28:35 0 [Note] Starting MariaDB 10.4.32-MariaDB source revision c4143f909528e3fab0677a28631d10389354c491 as process 16772
2025-10-20 23:28:35 0 [Note] InnoDB: Mutexes and rw_locks use Windows interlocked functions
2025-10-20 23:28:35 0 [Note] InnoDB: Uses event mutexes
2025-10-20 23:28:35 0 [Note] InnoDB: Compressed tables use zlib 1.3
2025-10-20 23:28:35 0 [Note] InnoDB: Number of pools: 1
2025-10-20 23:28:35 0 [Note] InnoDB: Using SSE2 crc32 instructions
2025-10-20 23:28:35 0 [Note] InnoDB: Initializing buffer pool, total size = 16M, instances = 1, chunk size = 16M
2025-10-20 23:28:35 0 [Note] InnoDB: Completed initialization of buffer pool
2025-10-20 23:28:35 0 [Note] InnoDB: Starting crash recovery from checkpoint LSN=309350
2025-10-20 23:28:37 0 [Note] InnoDB: 128 out of 128 rollback segments are active.
2025-10-20 23:28:37 0 [Note] InnoDB: Removed temporary tablespace data file: "ibtmp1"
2025-10-20 23:28:37 0 [Note] InnoDB: Creating shared tablespace for temporary tables
2025-10-20 23:28:37 0 [Note] InnoDB: Setting file 'D:\bitap\IBPE\code\XAMPP\mysql\data\ibtmp1' size to 12 MB. Physically writing the file full; Please wait ...
2025-10-20 23:28:37 0 [Note] InnoDB: File 'D:\bitap\IBPE\code\XAMPP\mysql\data\ibtmp1' size is now 12 MB.
2025-10-20 23:28:37 0 [Note] InnoDB: Waiting for purge to start
2025-10-20 23:28:37 0 [Note] InnoDB: 10.4.32 started; log sequence number 309359; transaction id 206
2025-10-20 23:28:37 0 [Note] InnoDB: Loading buffer pool(s) from D:\bitap\IBPE\code\XAMPP\mysql\data\ib_buffer_pool
2025-10-20 23:28:37 0 [Note] Plugin 'FEEDBACK' is disabled.
2025-10-20 23:28:37 0 [Note] Server socket created on IP: '::'.
2025-10-20 23:58:39 0 [Note] Starting MariaDB 10.4.32-MariaDB source revision c4143f909528e3fab0677a28631d10389354c491 as process 11524
2025-10-20 23:58:39 0 [Note] InnoDB: Mutexes and rw_locks use Windows interlocked functions
2025-10-20 23:58:39 0 [Note] InnoDB: Uses event mutexes
2025-10-20 23:58:39 0 [Note] InnoDB: Compressed tables use zlib 1.3
2025-10-20 23:58:39 0 [Note] InnoDB: Number of pools: 1
2025-10-20 23:58:39 0 [Note] InnoDB: Using SSE2 crc32 instructions
2025-10-20 23:58:39 0 [Note] InnoDB: Initializing buffer pool, total size = 16M, instances = 1, chunk size = 16M
2025-10-20 23:58:39 0 [Note] InnoDB: Completed initialization of buffer pool
2025-10-20 23:58:39 0 [Note] InnoDB: Starting crash recovery from checkpoint LSN=309368
2025-10-20 23:58:42 0 [Note] InnoDB: 128 out of 128 rollback segments are active.
2025-10-20 23:58:42 0 [Note] InnoDB: Removed temporary tablespace data file: "ibtmp1"
2025-10-20 23:58:42 0 [Note] InnoDB: Creating shared tablespace for temporary tables
2025-10-20 23:58:42 0 [Note] InnoDB: Setting file 'D:\bitap\IBPE\code\XAMPP\mysql\data\ibtmp1' size to 12 MB. Physically writing the file full; Please wait ...
2025-10-20 23:58:42 0 [Note] InnoDB: File 'D:\bitap\IBPE\code\XAMPP\mysql\data\ibtmp1' size is now 12 MB.
2025-10-20 23:58:42 0 [Note] InnoDB: Waiting for purge to start
2025-10-20 23:58:42 0 [Note] InnoDB: 10.4.32 started; log sequence number 309377; transaction id 206
2025-10-20 23:58:42 0 [Note] InnoDB: Loading buffer pool(s) from D:\bitap\IBPE\code\XAMPP\mysql\data\ib_buffer_pool
2025-10-20 23:58:42 0 [Note] Plugin 'FEEDBACK' is disabled.
2025-10-20 23:58:42 0 [Note] InnoDB: Buffer pool(s) load completed at 251020 23:58:42
2025-10-20 23:58:42 0 [Note] Server socket created on IP: '::'.
2025-10-21  0:17:55 0 [Note] Starting MariaDB 10.4.32-MariaDB source revision c4143f909528e3fab0677a28631d10389354c491 as process 3736
2025-10-21  0:17:55 0 [Note] InnoDB: Mutexes and rw_locks use Windows interlocked functions
2025-10-21  0:17:55 0 [Note] InnoDB: Uses event mutexes
2025-10-21  0:17:55 0 [Note] InnoDB: Compressed tables use zlib 1.3
2025-10-21  0:17:55 0 [Note] InnoDB: Number of pools: 1
2025-10-21  0:17:55 0 [Note] InnoDB: Using SSE2 crc32 instructions
2025-10-21  0:17:55 0 [Note] InnoDB: Initializing buffer pool, total size = 16M, instances = 1, chunk size = 16M
2025-10-21  0:17:55 0 [Note] InnoDB: Completed initialization of buffer pool
2025-10-21  0:17:55 0 [Note] InnoDB: Starting crash recovery from checkpoint LSN=309386
2025-10-21  0:17:55 0 [Note] InnoDB: 128 out of 128 rollback segments are active.
2025-10-21  0:17:55 0 [Note] InnoDB: Removed temporary tablespace data file: "ibtmp1"
2025-10-21  0:17:55 0 [Note] InnoDB: Creating shared tablespace for temporary tables
2025-10-21  0:17:55 0 [Note] InnoDB: Setting file 'D:\bitap\IBPE\code\XAMPP\mysql\data\ibtmp1' size to 12 MB. Physically writing the file full; Please wait ...
2025-10-21  0:17:55 0 [Note] InnoDB: File 'D:\bitap\IBPE\code\XAMPP\mysql\data\ibtmp1' size is now 12 MB.
2025-10-21  0:17:55 0 [Note] InnoDB: Waiting for purge to start
2025-10-21  0:17:55 0 [Note] InnoDB: 10.4.32 started; log sequence number 309395; transaction id 206
2025-10-21  0:17:55 0 [Note] InnoDB: Loading buffer pool(s) from D:\bitap\IBPE\code\XAMPP\mysql\data\ib_buffer_pool
2025-10-21  0:17:55 0 [Note] Plugin 'FEEDBACK' is disabled.
2025-10-21  0:17:55 0 [Note] Server socket created on IP: '::'.
2025-10-21  0:17:58 0 [Note] Starting MariaDB 10.4.32-MariaDB source revision c4143f909528e3fab0677a28631d10389354c491 as process 23280
2025-10-21  0:17:58 0 [Note] InnoDB: Mutexes and rw_locks use Windows interlocked functions
2025-10-21  0:17:58 0 [Note] InnoDB: Uses event mutexes
2025-10-21  0:17:58 0 [Note] InnoDB: Compressed tables use zlib 1.3
2025-10-21  0:17:58 0 [Note] InnoDB: Number of pools: 1
2025-10-21  0:17:58 0 [Note] InnoDB: Using SSE2 crc32 instructions
2025-10-21  0:17:58 0 [Note] InnoDB: Initializing buffer pool, total size = 16M, instances = 1, chunk size = 16M
2025-10-21  0:17:58 0 [Note] InnoDB: Completed initialization of buffer pool
2025-10-21  0:17:58 0 [Note] InnoDB: Starting crash recovery from checkpoint LSN=309386
2025-10-21  0:17:59 0 [Note] InnoDB: 128 out of 128 rollback segments are active.
2025-10-21  0:17:59 0 [Note] InnoDB: Removed temporary tablespace data file: "ibtmp1"
2025-10-21  0:17:59 0 [Note] InnoDB: Creating shared tablespace for temporary tables
2025-10-21  0:17:59 0 [Note] InnoDB: Setting file 'D:\bitap\IBPE\code\XAMPP\mysql\data\ibtmp1' size to 12 MB. Physically writing the file full; Please wait ...
2025-10-21  0:17:59 0 [Note] InnoDB: File 'D:\bitap\IBPE\code\XAMPP\mysql\data\ibtmp1' size is now 12 MB.
2025-10-21  0:17:59 0 [Note] InnoDB: Waiting for purge to start
2025-10-21  0:17:59 0 [Note] InnoDB: 10.4.32 started; log sequence number 309395; transaction id 206
2025-10-21  0:17:59 0 [Note] InnoDB: Loading buffer pool(s) from D:\bitap\IBPE\code\XAMPP\mysql\data\ib_buffer_pool
2025-10-21  0:17:59 0 [Note] Plugin 'FEEDBACK' is disabled.
2025-10-21  0:17:59 0 [Note] Server socket created on IP: '::'.
2025-10-21  0:23:13 0 [Note] Starting MariaDB 10.4.32-MariaDB source revision c4143f909528e3fab0677a28631d10389354c491 as process 21528
2025-10-21  0:23:13 0 [Note] InnoDB: Mutexes and rw_locks use Windows interlocked functions
2025-10-21  0:23:13 0 [Note] InnoDB: Uses event mutexes
2025-10-21  0:23:13 0 [Note] InnoDB: Compressed tables use zlib 1.3
2025-10-21  0:23:13 0 [Note] InnoDB: Number of pools: 1
2025-10-21  0:23:13 0 [Note] InnoDB: Using SSE2 crc32 instructions
2025-10-21  0:23:13 0 [Note] InnoDB: Initializing buffer pool, total size = 16M, instances = 1, chunk size = 16M
2025-10-21  0:23:13 0 [Note] InnoDB: Completed initialization of buffer pool
2025-10-21  0:23:13 0 [Note] InnoDB: Starting crash recovery from checkpoint LSN=309404
2025-10-21  0:23:13 0 [Note] InnoDB: 128 out of 128 rollback segments are active.
2025-10-21  0:23:13 0 [Note] InnoDB: Removed temporary tablespace data file: "ibtmp1"
2025-10-21  0:23:13 0 [Note] InnoDB: Creating shared tablespace for temporary tables
2025-10-21  0:23:13 0 [Note] InnoDB: Setting file 'D:\bitap\IBPE\code\XAMPP\mysql\data\ibtmp1' size to 12 MB. Physically writing the file full; Please wait ...
2025-10-21  0:23:13 0 [Note] InnoDB: File 'D:\bitap\IBPE\code\XAMPP\mysql\data\ibtmp1' size is now 12 MB.
2025-10-21  0:23:13 0 [Note] InnoDB: Waiting for purge to start
2025-10-21  0:23:14 0 [Note] InnoDB: 10.4.32 started; log sequence number 309413; transaction id 206
2025-10-21  0:23:14 0 [Note] InnoDB: Loading buffer pool(s) from D:\bitap\IBPE\code\XAMPP\mysql\data\ib_buffer_pool
2025-10-21  0:23:14 0 [Note] Plugin 'FEEDBACK' is disabled.
2025-10-21  0:23:14 0 [Note] Server socket created on IP: '::'.
2025-10-21  0:58:08 0 [Note] Starting MariaDB 10.4.32-MariaDB source revision c4143f909528e3fab0677a28631d10389354c491 as process 20424
2025-10-21  0:58:08 0 [Note] InnoDB: Mutexes and rw_locks use Windows interlocked functions
2025-10-21  0:58:08 0 [Note] InnoDB: Uses event mutexes
2025-10-21  0:58:08 0 [Note] InnoDB: Compressed tables use zlib 1.3
2025-10-21  0:58:08 0 [Note] InnoDB: Number of pools: 1
2025-10-21  0:58:08 0 [Note] InnoDB: Using SSE2 crc32 instructions
2025-10-21  0:58:08 0 [Note] InnoDB: Initializing buffer pool, total size = 16M, instances = 1, chunk size = 16M
2025-10-21  0:58:08 0 [Note] InnoDB: Completed initialization of buffer pool
2025-10-21  0:58:09 0 [Note] InnoDB: Starting crash recovery from checkpoint LSN=309422
2025-10-21  0:58:10 0 [Note] InnoDB: 128 out of 128 rollback segments are active.
2025-10-21  0:58:10 0 [Note] InnoDB: Removed temporary tablespace data file: "ibtmp1"
2025-10-21  0:58:10 0 [Note] InnoDB: Creating shared tablespace for temporary tables
2025-10-21  0:58:10 0 [Note] InnoDB: Setting file 'D:\bitap\IBPE\code\XAMPP\mysql\data\ibtmp1' size to 12 MB. Physically writing the file full; Please wait ...
2025-10-21  0:58:10 0 [Note] InnoDB: File 'D:\bitap\IBPE\code\XAMPP\mysql\data\ibtmp1' size is now 12 MB.
2025-10-21  0:58:10 0 [Note] InnoDB: Waiting for purge to start
2025-10-21  0:58:10 0 [Note] InnoDB: 10.4.32 started; log sequence number 309431; transaction id 206
2025-10-21  0:58:10 0 [Note] InnoDB: Loading buffer pool(s) from D:\bitap\IBPE\code\XAMPP\mysql\data\ib_buffer_pool
2025-10-21  0:58:10 0 [Note] Plugin 'FEEDBACK' is disabled.
2025-10-21  0:58:10 0 [Note] Server socket created on IP: '::'.
2025-10-21  0:58:15 0 [Note] Starting MariaDB 10.4.32-MariaDB source revision c4143f909528e3fab0677a28631d10389354c491 as process 17560
2025-10-21  0:58:15 0 [Note] InnoDB: Mutexes and rw_locks use Windows interlocked functions
2025-10-21  0:58:15 0 [Note] InnoDB: Uses event mutexes
2025-10-21  0:58:15 0 [Note] InnoDB: Compressed tables use zlib 1.3
2025-10-21  0:58:15 0 [Note] InnoDB: Number of pools: 1
2025-10-21  0:58:15 0 [Note] InnoDB: Using SSE2 crc32 instructions
2025-10-21  0:58:15 0 [Note] InnoDB: Initializing buffer pool, total size = 16M, instances = 1, chunk size = 16M
2025-10-21  0:58:15 0 [Note] InnoDB: Completed initialization of buffer pool
2025-10-21  0:58:15 0 [Note] InnoDB: Starting crash recovery from checkpoint LSN=309422
2025-10-21  0:58:15 0 [Note] InnoDB: 128 out of 128 rollback segments are active.
2025-10-21  0:58:15 0 [Note] InnoDB: Removed temporary tablespace data file: "ibtmp1"
2025-10-21  0:58:15 0 [Note] InnoDB: Creating shared tablespace for temporary tables
2025-10-21  0:58:15 0 [Note] InnoDB: Setting file 'D:\bitap\IBPE\code\XAMPP\mysql\data\ibtmp1' size to 12 MB. Physically writing the file full; Please wait ...
2025-10-21  0:58:15 0 [Note] InnoDB: File 'D:\bitap\IBPE\code\XAMPP\mysql\data\ibtmp1' size is now 12 MB.
2025-10-21  0:58:15 0 [Note] InnoDB: Waiting for purge to start
2025-10-21  0:58:16 0 [Note] InnoDB: 10.4.32 started; log sequence number 309431; transaction id 206
2025-10-21  0:58:16 0 [Note] InnoDB: Loading buffer pool(s) from D:\bitap\IBPE\code\XAMPP\mysql\data\ib_buffer_pool
2025-10-21  0:58:16 0 [Note] Plugin 'FEEDBACK' is disabled.
2025-10-21  0:58:16 0 [Note] Server socket created on IP: '::'.
2025-10-21  1:00:47 0 [Note] Starting MariaDB 10.4.32-MariaDB source revision c4143f909528e3fab0677a28631d10389354c491 as process 10284
2025-10-21  1:00:47 0 [Note] InnoDB: Mutexes and rw_locks use Windows interlocked functions
2025-10-21  1:00:47 0 [Note] InnoDB: Uses event mutexes
2025-10-21  1:00:47 0 [Note] InnoDB: Compressed tables use zlib 1.3
2025-10-21  1:00:47 0 [Note] InnoDB: Number of pools: 1
2025-10-21  1:00:47 0 [Note] InnoDB: Using SSE2 crc32 instructions
2025-10-21  1:00:47 0 [Note] InnoDB: Initializing buffer pool, total size = 16M, instances = 1, chunk size = 16M
2025-10-21  1:00:47 0 [Note] InnoDB: Completed initialization of buffer pool
2025-10-21  1:00:47 0 [Note] InnoDB: Starting crash recovery from checkpoint LSN=309440
2025-10-21  1:00:48 0 [Note] InnoDB: 128 out of 128 rollback segments are active.
2025-10-21  1:00:48 0 [Note] InnoDB: Removed temporary tablespace data file: "ibtmp1"
2025-10-21  1:00:48 0 [Note] InnoDB: Creating shared tablespace for temporary tables
2025-10-21  1:00:48 0 [Note] InnoDB: Setting file 'D:\bitap\IBPE\code\XAMPP\mysql\data\ibtmp1' size to 12 MB. Physically writing the file full; Please wait ...
2025-10-21  1:00:48 0 [Note] InnoDB: File 'D:\bitap\IBPE\code\XAMPP\mysql\data\ibtmp1' size is now 12 MB.
2025-10-21  1:00:48 0 [Note] InnoDB: Waiting for purge to start
2025-10-21  1:00:48 0 [Note] InnoDB: 10.4.32 started; log sequence number 309449; transaction id 206
2025-10-21  1:00:48 0 [Note] InnoDB: Loading buffer pool(s) from D:\bitap\IBPE\code\XAMPP\mysql\data\ib_buffer_pool
2025-10-21  1:00:48 0 [Note] Plugin 'FEEDBACK' is disabled.
2025-10-21  1:00:48 0 [Note] InnoDB: Buffer pool(s) load completed at 251021  1:00:48
2025-10-21  1:00:48 0 [Note] Server socket created on IP: '::'.
2025-10-21  2:06:08 0 [Note] Starting MariaDB 10.4.32-MariaDB source revision c4143f909528e3fab0677a28631d10389354c491 as process 26440
2025-10-21  2:06:08 0 [Note] InnoDB: Mutexes and rw_locks use Windows interlocked functions
2025-10-21  2:06:08 0 [Note] InnoDB: Uses event mutexes
2025-10-21  2:06:08 0 [Note] InnoDB: Compressed tables use zlib 1.3
2025-10-21  2:06:08 0 [Note] InnoDB: Number of pools: 1
2025-10-21  2:06:08 0 [Note] InnoDB: Using SSE2 crc32 instructions
2025-10-21  2:06:08 0 [Note] InnoDB: Initializing buffer pool, total size = 16M, instances = 1, chunk size = 16M
2025-10-21  2:06:08 0 [Note] InnoDB: Completed initialization of buffer pool
2025-10-21  2:06:08 0 [Note] InnoDB: Starting crash recovery from checkpoint LSN=309458
2025-10-21  2:06:09 0 [Note] InnoDB: 128 out of 128 rollback segments are active.
2025-10-21  2:06:09 0 [Note] InnoDB: Removed temporary tablespace data file: "ibtmp1"
2025-10-21  2:06:09 0 [Note] InnoDB: Creating shared tablespace for temporary tables
2025-10-21  2:06:09 0 [Note] InnoDB: Setting file 'D:\bitap\IBPE\code\XAMPP\mysql\data\ibtmp1' size to 12 MB. Physically writing the file full; Please wait ...
2025-10-21  2:06:09 0 [Note] InnoDB: File 'D:\bitap\IBPE\code\XAMPP\mysql\data\ibtmp1' size is now 12 MB.
2025-10-21  2:06:09 0 [Note] InnoDB: Waiting for purge to start
2025-10-21  2:06:09 0 [Note] InnoDB: 10.4.32 started; log sequence number 309467; transaction id 206
2025-10-21  2:06:09 0 [Note] InnoDB: Loading buffer pool(s) from D:\bitap\IBPE\code\XAMPP\mysql\data\ib_buffer_pool
2025-10-21  2:06:09 0 [Note] Plugin 'FEEDBACK' is disabled.
2025-10-21  2:06:09 0 [Note] Server socket created on IP: '::'.
2025-10-21  2:45:49 0 [Note] Starting MariaDB 10.4.32-MariaDB source revision c4143f909528e3fab0677a28631d10389354c491 as process 16344
2025-10-21  2:45:49 0 [Note] InnoDB: Mutexes and rw_locks use Windows interlocked functions
2025-10-21  2:45:49 0 [Note] InnoDB: Uses event mutexes
2025-10-21  2:45:49 0 [Note] InnoDB: Compressed tables use zlib 1.3
2025-10-21  2:45:49 0 [Note] InnoDB: Number of pools: 1
2025-10-21  2:45:49 0 [Note] InnoDB: Using SSE2 crc32 instructions
2025-10-21  2:45:49 0 [Note] InnoDB: Initializing buffer pool, total size = 16M, instances = 1, chunk size = 16M
2025-10-21  2:45:49 0 [Note] InnoDB: Completed initialization of buffer pool
2025-10-21  2:45:49 0 [Note] InnoDB: Starting crash recovery from checkpoint LSN=309476
2025-10-21  2:45:49 0 [Note] InnoDB: Starting final batch to recover 8 pages from redo log.
2025-10-21  2:45:50 0 [Note] InnoDB: 128 out of 128 rollback segments are active.
2025-10-21  2:45:50 0 [Note] InnoDB: Removed temporary tablespace data file: "ibtmp1"
2025-10-21  2:45:50 0 [Note] InnoDB: Creating shared tablespace for temporary tables
2025-10-21  2:45:50 0 [Note] InnoDB: Setting file 'D:\bitap\IBPE\code\XAMPP\mysql\data\ibtmp1' size to 12 MB. Physically writing the file full; Please wait ...
2025-10-21  2:45:50 0 [Note] InnoDB: File 'D:\bitap\IBPE\code\XAMPP\mysql\data\ibtmp1' size is now 12 MB.
2025-10-21  2:45:50 0 [Note] InnoDB: Waiting for purge to start
2025-10-21  2:45:50 0 [Note] InnoDB: 10.4.32 started; log sequence number 312389; transaction id 215
2025-10-21  2:45:50 0 [Note] InnoDB: Loading buffer pool(s) from D:\bitap\IBPE\code\XAMPP\mysql\data\ib_buffer_pool
2025-10-21  2:45:50 0 [Note] Plugin 'FEEDBACK' is disabled.
2025-10-21  2:45:50 0 [Note] Server socket created on IP: '::'.
2025-10-21 18:50:27 0 [Note] Starting MariaDB 10.4.32-MariaDB source revision c4143f909528e3fab0677a28631d10389354c491 as process 29544
2025-10-21 18:50:27 0 [Note] InnoDB: Mutexes and rw_locks use Windows interlocked functions
2025-10-21 18:50:27 0 [Note] InnoDB: Uses event mutexes
2025-10-21 18:50:27 0 [Note] InnoDB: Compressed tables use zlib 1.3
2025-10-21 18:50:27 0 [Note] InnoDB: Number of pools: 1
2025-10-21 18:50:27 0 [Note] InnoDB: Using SSE2 crc32 instructions
2025-10-21 18:50:27 0 [Note] InnoDB: Initializing buffer pool, total size = 16M, instances = 1, chunk size = 16M
2025-10-21 18:50:27 0 [Note] InnoDB: Completed initialization of buffer pool
2025-10-21 18:50:28 0 [Note] InnoDB: Starting crash recovery from checkpoint LSN=312553
2025-10-21 18:50:29 0 [Note] InnoDB: 128 out of 128 rollback segments are active.
2025-10-21 18:50:29 0 [Note] InnoDB: Removed temporary tablespace data file: "ibtmp1"
2025-10-21 18:50:29 0 [Note] InnoDB: Creating shared tablespace for temporary tables
2025-10-21 18:50:29 0 [Note] InnoDB: Setting file 'D:\bitap\IBPE\code\XAMPP\mysql\data\ibtmp1' size to 12 MB. Physically writing the file full; Please wait ...
2025-10-21 18:50:29 0 [Note] InnoDB: File 'D:\bitap\IBPE\code\XAMPP\mysql\data\ibtmp1' size is now 12 MB.
2025-10-21 18:50:29 0 [Note] InnoDB: Waiting for purge to start
2025-10-21 18:50:29 0 [Note] InnoDB: 10.4.32 started; log sequence number 312562; transaction id 215
2025-10-21 18:50:29 0 [Note] InnoDB: Loading buffer pool(s) from D:\bitap\IBPE\code\XAMPP\mysql\data\ib_buffer_pool
2025-10-21 18:50:29 0 [Note] Plugin 'FEEDBACK' is disabled.
2025-10-21 18:50:29 0 [Note] InnoDB: Buffer pool(s) load completed at 251021 18:50:29
2025-10-21 18:50:29 0 [Note] Server socket created on IP: '::'.
2025-10-21 19:20:05 0 [Note] Starting MariaDB 10.4.32-MariaDB source revision c4143f909528e3fab0677a28631d10389354c491 as process 32536
2025-10-21 19:20:05 0 [Note] InnoDB: Mutexes and rw_locks use Windows interlocked functions
2025-10-21 19:20:05 0 [Note] InnoDB: Uses event mutexes
2025-10-21 19:20:05 0 [Note] InnoDB: Compressed tables use zlib 1.3
2025-10-21 19:20:05 0 [Note] InnoDB: Number of pools: 1
2025-10-21 19:20:05 0 [Note] InnoDB: Using SSE2 crc32 instructions
2025-10-21 19:20:05 0 [Note] InnoDB: Initializing buffer pool, total size = 16M, instances = 1, chunk size = 16M
2025-10-21 19:20:05 0 [Note] InnoDB: Completed initialization of buffer pool
2025-10-21 19:20:05 0 [Note] InnoDB: Starting crash recovery from checkpoint LSN=312687
2025-10-21 19:20:06 0 [Note] InnoDB: 128 out of 128 rollback segments are active.
2025-10-21 19:20:06 0 [Note] InnoDB: Removed temporary tablespace data file: "ibtmp1"
2025-10-21 19:20:06 0 [Note] InnoDB: Creating shared tablespace for temporary tables
2025-10-21 19:20:06 0 [Note] InnoDB: Setting file 'D:\bitap\IBPE\code\XAMPP\mysql\data\ibtmp1' size to 12 MB. Physically writing the file full; Please wait ...
2025-10-21 19:20:06 0 [Note] InnoDB: File 'D:\bitap\IBPE\code\XAMPP\mysql\data\ibtmp1' size is now 12 MB.
2025-10-21 19:20:06 0 [Note] InnoDB: Waiting for purge to start
2025-10-21 19:20:06 0 [Note] InnoDB: 10.4.32 started; log sequence number 312696; transaction id 215
2025-10-21 19:20:06 0 [Note] InnoDB: Loading buffer pool(s) from D:\bitap\IBPE\code\XAMPP\mysql\data\ib_buffer_pool
2025-10-21 19:20:06 0 [Note] Plugin 'FEEDBACK' is disabled.
2025-10-21 19:20:06 0 [Note] Server socket created on IP: '::'.
2025-10-21 19:48:26 0 [Note] Starting MariaDB 10.4.32-MariaDB source revision c4143f909528e3fab0677a28631d10389354c491 as process 28548
2025-10-21 19:48:26 0 [Note] InnoDB: Mutexes and rw_locks use Windows interlocked functions
2025-10-21 19:48:26 0 [Note] InnoDB: Uses event mutexes
2025-10-21 19:48:26 0 [Note] InnoDB: Compressed tables use zlib 1.3
2025-10-21 19:48:26 0 [Note] InnoDB: Number of pools: 1
2025-10-21 19:48:26 0 [Note] InnoDB: Using SSE2 crc32 instructions
2025-10-21 19:48:26 0 [Note] InnoDB: Initializing buffer pool, total size = 16M, instances = 1, chunk size = 16M
2025-10-21 19:48:26 0 [Note] InnoDB: Completed initialization of buffer pool
2025-10-21 19:48:26 0 [Note] InnoDB: Starting crash recovery from checkpoint LSN=312780
2025-10-21 19:48:27 0 [Note] InnoDB: 128 out of 128 rollback segments are active.
2025-10-21 19:48:27 0 [Note] InnoDB: Removed temporary tablespace data file: "ibtmp1"
2025-10-21 19:48:27 0 [Note] InnoDB: Creating shared tablespace for temporary tables
2025-10-21 19:48:27 0 [Note] InnoDB: Setting file 'D:\bitap\IBPE\code\XAMPP\mysql\data\ibtmp1' size to 12 MB. Physically writing the file full; Please wait ...
2025-10-21 19:48:27 0 [Note] InnoDB: File 'D:\bitap\IBPE\code\XAMPP\mysql\data\ibtmp1' size is now 12 MB.
2025-10-21 19:48:27 0 [Note] InnoDB: Waiting for purge to start
2025-10-21 19:48:27 0 [Note] InnoDB: 10.4.32 started; log sequence number 312789; transaction id 215
2025-10-21 19:48:27 0 [Note] InnoDB: Loading buffer pool(s) from D:\bitap\IBPE\code\XAMPP\mysql\data\ib_buffer_pool
2025-10-21 19:48:27 0 [Note] Plugin 'FEEDBACK' is disabled.
2025-10-21 19:48:27 0 [Note] Server socket created on IP: '::'.
2025-10-21 19:49:59 0 [Note] Starting MariaDB 10.4.32-MariaDB source revision c4143f909528e3fab0677a28631d10389354c491 as process 23084
2025-10-21 19:49:59 0 [Note] InnoDB: Mutexes and rw_locks use Windows interlocked functions
2025-10-21 19:49:59 0 [Note] InnoDB: Uses event mutexes
2025-10-21 19:49:59 0 [Note] InnoDB: Compressed tables use zlib 1.3
2025-10-21 19:49:59 0 [Note] InnoDB: Number of pools: 1
2025-10-21 19:49:59 0 [Note] InnoDB: Using SSE2 crc32 instructions
2025-10-21 19:49:59 0 [Note] InnoDB: Initializing buffer pool, total size = 16M, instances = 1, chunk size = 16M
2025-10-21 19:49:59 0 [Note] InnoDB: Completed initialization of buffer pool
2025-10-21 19:49:59 0 [Note] InnoDB: Starting crash recovery from checkpoint LSN=312780
2025-10-21 19:50:00 0 [Note] InnoDB: 128 out of 128 rollback segments are active.
2025-10-21 19:50:00 0 [Note] InnoDB: Removed temporary tablespace data file: "ibtmp1"
2025-10-21 19:50:00 0 [Note] InnoDB: Creating shared tablespace for temporary tables
2025-10-21 19:50:00 0 [Note] InnoDB: Setting file 'D:\bitap\IBPE\code\XAMPP\mysql\data\ibtmp1' size to 12 MB. Physically writing the file full; Please wait ...
2025-10-21 19:50:00 0 [Note] InnoDB: File 'D:\bitap\IBPE\code\XAMPP\mysql\data\ibtmp1' size is now 12 MB.
2025-10-21 19:50:00 0 [Note] InnoDB: Waiting for purge to start
2025-10-21 19:50:00 0 [Note] InnoDB: 10.4.32 started; log sequence number 312798; transaction id 215
2025-10-21 19:50:00 0 [Note] InnoDB: Loading buffer pool(s) from D:\bitap\IBPE\code\XAMPP\mysql\data\ib_buffer_pool
2025-10-21 19:50:00 0 [Note] Plugin 'FEEDBACK' is disabled.
2025-10-21 19:50:00 0 [Note] Server socket created on IP: '::'.
2025-10-21 19:53:03 0 [Note] Starting MariaDB 10.4.32-MariaDB source revision c4143f909528e3fab0677a28631d10389354c491 as process 10664
2025-10-21 19:53:03 0 [Note] InnoDB: Mutexes and rw_locks use Windows interlocked functions
2025-10-21 19:53:03 0 [Note] InnoDB: Uses event mutexes
2025-10-21 19:53:03 0 [Note] InnoDB: Compressed tables use zlib 1.3
2025-10-21 19:53:03 0 [Note] InnoDB: Number of pools: 1
2025-10-21 19:53:03 0 [Note] InnoDB: Using SSE2 crc32 instructions
2025-10-21 19:53:03 0 [Note] InnoDB: Initializing buffer pool, total size = 16M, instances = 1, chunk size = 16M
2025-10-21 19:53:03 0 [Note] InnoDB: Completed initialization of buffer pool
2025-10-21 19:53:03 0 [Note] InnoDB: Starting crash recovery from checkpoint LSN=312807
2025-10-21 19:53:04 0 [Note] InnoDB: 128 out of 128 rollback segments are active.
2025-10-21 19:53:04 0 [Note] InnoDB: Removed temporary tablespace data file: "ibtmp1"
2025-10-21 19:53:04 0 [Note] InnoDB: Creating shared tablespace for temporary tables
2025-10-21 19:53:04 0 [Note] InnoDB: Setting file 'D:\bitap\IBPE\code\XAMPP\mysql\data\ibtmp1' size to 12 MB. Physically writing the file full; Please wait ...
2025-10-21 19:53:04 0 [Note] InnoDB: File 'D:\bitap\IBPE\code\XAMPP\mysql\data\ibtmp1' size is now 12 MB.
2025-10-21 19:53:04 0 [Note] InnoDB: Waiting for purge to start
2025-10-21 19:53:04 0 [Note] InnoDB: 10.4.32 started; log sequence number 312816; transaction id 215
2025-10-21 19:53:04 0 [Note] InnoDB: Loading buffer pool(s) from D:\bitap\IBPE\code\XAMPP\mysql\data\ib_buffer_pool
2025-10-21 19:53:04 0 [Note] Plugin 'FEEDBACK' is disabled.
2025-10-21 19:53:04 0 [Note] Server socket created on IP: '::'.
2025-10-22 17:31:17 0 [Note] Starting MariaDB 10.4.32-MariaDB source revision c4143f909528e3fab0677a28631d10389354c491 as process 13640
2025-10-22 17:31:17 0 [Note] InnoDB: Mutexes and rw_locks use Windows interlocked functions
2025-10-22 17:31:17 0 [Note] InnoDB: Uses event mutexes
2025-10-22 17:31:17 0 [Note] InnoDB: Compressed tables use zlib 1.3
2025-10-22 17:31:17 0 [Note] InnoDB: Number of pools: 1
2025-10-22 17:31:17 0 [Note] InnoDB: Using SSE2 crc32 instructions
2025-10-22 17:31:17 0 [Note] InnoDB: Initializing buffer pool, total size = 16M, instances = 1, chunk size = 16M
2025-10-22 17:31:17 0 [Note] InnoDB: Completed initialization of buffer pool
2025-10-22 17:31:17 0 [Note] InnoDB: Starting crash recovery from checkpoint LSN=316663
2025-10-22 17:31:19 0 [Note] InnoDB: 128 out of 128 rollback segments are active.
2025-10-22 17:31:19 0 [Note] InnoDB: Removed temporary tablespace data file: "ibtmp1"
2025-10-22 17:31:19 0 [Note] InnoDB: Creating shared tablespace for temporary tables
2025-10-22 17:31:19 0 [Note] InnoDB: Setting file 'D:\bitap\IBPE\code\XAMPP\mysql\data\ibtmp1' size to 12 MB. Physically writing the file full; Please wait ...
2025-10-22 17:31:19 0 [Note] InnoDB: File 'D:\bitap\IBPE\code\XAMPP\mysql\data\ibtmp1' size is now 12 MB.
2025-10-22 17:31:19 0 [Note] InnoDB: Waiting for purge to start
2025-10-22 17:31:19 0 [Note] InnoDB: 10.4.32 started; log sequence number 316672; transaction id 228
2025-10-22 17:31:19 0 [Note] InnoDB: Loading buffer pool(s) from D:\bitap\IBPE\code\XAMPP\mysql\data\ib_buffer_pool
2025-10-22 17:31:19 0 [Note] Plugin 'FEEDBACK' is disabled.
2025-10-22 17:31:19 0 [Note] Server socket created on IP: '::'.
